<?xml version="1.0" encoding="UTF-8"?>
<!-- Generated by org.testng.reporters.JUnitReportReporter -->
<testsuite skipped="0" hostname="Sowmyas-MacBook-Pro.local" name="com.webapp.uiautomation.WebdriverIOTest" tests="1" failures="0" timestamp="10 Jun 2018 20:15:23 GMT" time="3.551" errors="0">
  <testcase name="testXbuttonApprearance" time="3.551" classname="com.webapp.uiautomation.WebdriverIOTest"/>
</testsuite> <!-- com.webapp.uiautomation.WebdriverIOTest -->
