<?xml version="1.0" encoding="UTF-8"?>
<!-- Generated by org.testng.reporters.JUnitReportReporter -->
<testsuite skipped="0" hostname="Sowmyas-MacBook-Pro.local" name="com.webapp.uiautomation.WebdriverAPITest" tests="1" failures="0" timestamp="11 Jun 2018 02:40:06 GMT" time="2.904" errors="0">
  <testcase name="testXbuttonApprearance" time="2.904" classname="com.webapp.uiautomation.WebdriverAPITest"/>
</testsuite> <!-- com.webapp.uiautomation.WebdriverAPITest -->
